[debug] [2025-11-05T17:37:54.284Z] ----------------------------------------------------------------------
[debug] [2025-11-05T17:37:54.286Z] Command:       /nix/store/ws50yvm6vzlzf7jzz6n7xh4szddrack1-nodejs-20.19.1/bin/node /nix/store/f77kilzcw5hh2gidh22k6pj8cp7pxp7h-firebase-tools-14.22.0/lib/node_modules/firebase-tools/lib/bin/firebase.js init hosting
[debug] [2025-11-05T17:37:54.287Z] CLI Version:   14.22.0
[debug] [2025-11-05T17:37:54.287Z] Platform:      linux
[debug] [2025-11-05T17:37:54.287Z] Node Version:  v20.19.1
[debug] [2025-11-05T17:37:54.288Z] Time:          Wed Nov 05 2025 17:37:54 GMT+0000 (Coordinated Universal Time)
[debug] [2025-11-05T17:37:54.288Z] ----------------------------------------------------------------------
[debug] 
[debug] [2025-11-05T17:37:54.293Z] No OAuth tokens found
[debug] [2025-11-05T17:37:54.293Z] No OAuth tokens found
[error] Failed to fetch Firebase Project from current Studio Workspace: Unable to refresh auth: not yet authenticated.
[info] 
     ######## #### ########  ######## ########     ###     ######  ########
     ##        ##  ##     ## ##       ##     ##  ##   ##  ##       ##
     ######    ##  ########  ######   ########  #########  ######  ######
     ##        ##  ##    ##  ##       ##     ## ##     ##       ## ##
     ##       #### ##     ## ######## ########  ##     ##  ######  ########

You're about to initialize a Firebase project in this directory:

  /home/user/dndcampaigncreator

[info] 
=== Project Setup
[info] 
[info] First, let's associate this project directory with a Firebase project.
[info] You can create multiple project aliases by running firebase use --add, 
[info] 
[debug] [2025-11-05T17:37:54.340Z] > command requires scopes: ["email","openid","https://www.googleapis.com/auth/cloudplatformprojects.readonly","https://www.googleapis.com/auth/firebase","https://www.googleapis.com/auth/cloud-platform","https://www.googleapis.com/auth/userinfo.email"]
[debug] [2025-11-05T17:38:19.132Z] Running auto auth
[debug] [2025-11-05T17:38:19.151Z] No OAuth tokens found
[debug] [2025-11-05T17:38:19.153Z] >>> [apiv2][query] GET https://firebase.googleapis.com/v1beta1/projects pageSize=100
[debug] [2025-11-05T17:38:19.460Z] <<< [apiv2][status] GET https://firebase.googleapis.com/v1beta1/projects 200
[debug] [2025-11-05T17:38:19.460Z] <<< [apiv2][body] GET https://firebase.googleapis.com/v1beta1/projects [omitted]
